D:\Paynova\final_site\paynova.optisoft\paynova.optisoft\Client\dist\out-tsc\e2e\src\app.po.js
D:\Paynova\final_site\paynova.optisoft\paynova.optisoft\Client\dist\out-tsc\e2e\src\app.po.js.map
D:\Paynova\final_site\paynova.optisoft\paynova.optisoft\Client\dist\out-tsc\e2e\src\app.e2e-spec.js
D:\Paynova\final_site\paynova.optisoft\paynova.optisoft\Client\dist\out-tsc\e2e\src\app.e2e-spec.js.map
D:\Paynova\final_site\paynova.optisoft\paynova.optisoft\Client\dist\out-tsc\src\app\responsemessage.js
D:\Paynova\final_site\paynova.optisoft\paynova.optisoft\Client\dist\out-tsc\src\app\responsemessage.js.map
D:\Paynova\final_site\paynova.optisoft\paynova.optisoft\Client\dist\out-tsc\src\app\address.js
D:\Paynova\final_site\paynova.optisoft\paynova.optisoft\Client\dist\out-tsc\src\app\address.js.map
D:\Paynova\final_site\paynova.optisoft\paynova.optisoft\Client\dist\out-tsc\src\app\customername.js
D:\Paynova\final_site\paynova.optisoft\paynova.optisoft\Client\dist\out-tsc\src\app\customername.js.map
D:\Paynova\final_site\paynova.optisoft\paynova.optisoft\Client\dist\out-tsc\src\app\customerinfo.js
D:\Paynova\final_site\paynova.optisoft\paynova.optisoft\Client\dist\out-tsc\src\app\customerinfo.js.map
D:\Paynova\final_site\paynova.optisoft\paynova.optisoft\Client\dist\out-tsc\src\app\lineitems.js
D:\Paynova\final_site\paynova.optisoft\paynova.optisoft\Client\dist\out-tsc\src\app\lineitems.js.map
D:\Paynova\final_site\paynova.optisoft\paynova.optisoft\Client\dist\out-tsc\src\app\apiservice.service.js
D:\Paynova\final_site\paynova.optisoft\paynova.optisoft\Client\dist\out-tsc\src\app\apiservice.service.js.map
D:\Paynova\final_site\paynova.optisoft\paynova.optisoft\Client\dist\out-tsc\src\app\authorizedata.js
D:\Paynova\final_site\paynova.optisoft\paynova.optisoft\Client\dist\out-tsc\src\app\authorizedata.js.map
D:\Paynova\final_site\paynova.optisoft\paynova.optisoft\Client\dist\out-tsc\src\app\interfaceoptions.js
D:\Paynova\final_site\paynova.optisoft\paynova.optisoft\Client\dist\out-tsc\src\app\interfaceoptions.js.map
D:\Paynova\final_site\paynova.optisoft\paynova.optisoft\Client\dist\out-tsc\src\app\paymentinitiate.js
D:\Paynova\final_site\paynova.optisoft\paynova.optisoft\Client\dist\out-tsc\src\app\paymentinitiate.js.map
D:\Paynova\final_site\paynova.optisoft\paynova.optisoft\Client\dist\out-tsc\src\app\home\home.component.js
D:\Paynova\final_site\paynova.optisoft\paynova.optisoft\Client\dist\out-tsc\src\app\home\home.component.js.map
D:\Paynova\final_site\paynova.optisoft\paynova.optisoft\Client\dist\out-tsc\src\app\login\login.component.js
D:\Paynova\final_site\paynova.optisoft\paynova.optisoft\Client\dist\out-tsc\src\app\login\login.component.js.map
D:\Paynova\final_site\paynova.optisoft\paynova.optisoft\Client\dist\out-tsc\src\app\app-routing.module.js
D:\Paynova\final_site\paynova.optisoft\paynova.optisoft\Client\dist\out-tsc\src\app\app-routing.module.js.map
D:\Paynova\final_site\paynova.optisoft\paynova.optisoft\Client\dist\out-tsc\src\app\app.component.js
D:\Paynova\final_site\paynova.optisoft\paynova.optisoft\Client\dist\out-tsc\src\app\app.component.js.map
D:\Paynova\final_site\paynova.optisoft\paynova.optisoft\Client\dist\out-tsc\src\app\app.module.js
D:\Paynova\final_site\paynova.optisoft\paynova.optisoft\Client\dist\out-tsc\src\app\app.module.js.map
D:\Paynova\final_site\paynova.optisoft\paynova.optisoft\Client\dist\out-tsc\src\environments\environment.js
D:\Paynova\final_site\paynova.optisoft\paynova.optisoft\Client\dist\out-tsc\src\environments\environment.js.map
D:\Paynova\final_site\paynova.optisoft\paynova.optisoft\Client\dist\out-tsc\src\main.js
D:\Paynova\final_site\paynova.optisoft\paynova.optisoft\Client\dist\out-tsc\src\main.js.map
D:\Paynova\final_site\paynova.optisoft\paynova.optisoft\Client\dist\out-tsc\src\polyfills.js
D:\Paynova\final_site\paynova.optisoft\paynova.optisoft\Client\dist\out-tsc\src\polyfills.js.map
D:\Paynova\final_site\paynova.optisoft\paynova.optisoft\Client\dist\out-tsc\src\test.js
D:\Paynova\final_site\paynova.optisoft\paynova.optisoft\Client\dist\out-tsc\src\test.js.map
D:\Paynova\final_site\paynova.optisoft\paynova.optisoft\Client\dist\out-tsc\src\environments\environment.prod.js
D:\Paynova\final_site\paynova.optisoft\paynova.optisoft\Client\dist\out-tsc\src\environments\environment.prod.js.map
